0 info it worked if it ends with ok
1 verbose cli [ 'c:\\Program Files (x86)\\nodejs\\node.exe',
1 verbose cli   'c:\\Program Files (x86)\\nodejs\\node_modules\\npm\\bin\\npm-cli.js',
1 verbose cli   'publish',
1 verbose cli   './' ]
2 info using npm@2.7.4
3 info using node@v0.12.2
4 verbose publish [ './' ]
5 silly cache add args [ './', null ]
6 verbose cache add spec ./
7 silly cache add parsed spec { raw: './',
7 silly cache add   scope: null,
7 silly cache add   name: null,
7 silly cache add   rawSpec: './',
7 silly cache add   spec: 'C:\\AngularWorkspace\\webIndexer\\gulp-searchindexer',
7 silly cache add   type: 'directory' }
8 verbose addLocalDirectory C:\Users\Admin\AppData\Roaming\npm-cache\gulp-searchIndexer\1.0.0\package.tgz not in flight; packing
9 verbose tar pack [ 'C:\\Users\\Admin\\AppData\\Roaming\\npm-cache\\gulp-searchIndexer\\1.0.0\\package.tgz',
9 verbose tar pack   'C:\\AngularWorkspace\\webIndexer\\gulp-searchindexer' ]
10 verbose tarball C:\Users\Admin\AppData\Roaming\npm-cache\gulp-searchIndexer\1.0.0\package.tgz
11 verbose folder C:\AngularWorkspace\webIndexer\gulp-searchindexer
12 info prepublish gulp-searchIndexer@1.0.0
13 verbose addLocalTarball adding from inside cache C:\Users\Admin\AppData\Roaming\npm-cache\gulp-searchIndexer\1.0.0\package.tgz
14 silly cache afterAdd gulp-searchIndexer@1.0.0
15 verbose afterAdd C:\Users\Admin\AppData\Roaming\npm-cache\gulp-searchIndexer\1.0.0\package\package.json not in flight; writing
16 verbose afterAdd C:\Users\Admin\AppData\Roaming\npm-cache\gulp-searchIndexer\1.0.0\package\package.json written
17 silly publish { name: 'gulp-searchIndexer',
17 silly publish   version: '1.0.0',
17 silly publish   description: 'Gulp plugin for Inverted index Search Engine',
17 silly publish   main: 'index.js',
17 silly publish   scripts: { test: 'echo "Error: no test specified" && exit 1' },
17 silly publish   repository:
17 silly publish    { type: 'git',
17 silly publish      url: 'https://github.com/Qutbiddin/gulp-searchindexer.git' },
17 silly publish   author: { name: 'Qutbiddin' },
17 silly publish   license: 'MIT',
17 silly publish   bugs: { url: 'https://github.com/Qutbiddin/gulp-searchindexer/issues' },
17 silly publish   dependencies: { fstream: 'latest' },
17 silly publish   homepage: 'https://github.com/Qutbiddin/gulp-searchindexer',
17 silly publish   devDependencies: {},
17 silly publish   keywords: [ 'Serach', 'chm2web' ],
17 silly publish   gitHead: '66e45beaab5fd420ffcdcb2ada82f1376ea27c46',
17 silly publish   readme: 'ERROR: No README data found!',
17 silly publish   _id: 'gulp-searchIndexer@1.0.0',
17 silly publish   _shasum: 'c27314a1416788edc3e5691fdc1c0b78bb5f1698',
17 silly publish   _from: '.' }
18 silly mapToRegistry name gulp-searchIndexer
19 silly mapToRegistry using default registry
20 silly mapToRegistry registry https://registry.npmjs.org/
21 silly mapToRegistry uri https://registry.npmjs.org/gulp-searchIndexer
22 verbose publish registryBase https://registry.npmjs.org/
23 silly publish uploading C:\Users\Admin\AppData\Roaming\npm-cache\gulp-searchIndexer\1.0.0\package.tgz
24 verbose stack Error: Invalid name: "gulp-searchIndexer"
24 verbose stack     at ensureValidName (c:\Program Files (x86)\nodejs\node_modules\npm\node_modules\normalize-package-data\lib\fixer.js:322:15)
24 verbose stack     at Object.module.exports.fixNameField (c:\Program Files (x86)\nodejs\node_modules\npm\node_modules\normalize-package-data\lib\fixer.js:211:5)
24 verbose stack     at CachingRegistryClient.publish (c:\Program Files (x86)\nodejs\node_modules\npm\node_modules\npm-registry-client\lib\publish.js:41:11)
24 verbose stack     at c:\Program Files (x86)\nodejs\node_modules\npm\lib\publish.js:144:14
24 verbose stack     at mapToRegistry (c:\Program Files (x86)\nodejs\node_modules\npm\lib\utils\map-to-registry.js:55:3)
24 verbose stack     at publish_ (c:\Program Files (x86)\nodejs\node_modules\npm\lib\publish.js:114:3)
24 verbose stack     at Array.<anonymous> (c:\Program Files (x86)\nodejs\node_modules\npm\node_modules\slide\lib\bind-actor.js:15:8)
24 verbose stack     at LOOP (c:\Program Files (x86)\nodejs\node_modules\npm\node_modules\slide\lib\chain.js:15:14)
24 verbose stack     at LOOP (c:\Program Files (x86)\nodejs\node_modules\npm\node_modules\slide\lib\chain.js:14:28)
24 verbose stack     at chain (c:\Program Files (x86)\nodejs\node_modules\npm\node_modules\slide\lib\chain.js:20:5)
25 verbose cwd C:\AngularWorkspace\webIndexer\gulp-searchindexer
26 error Windows_NT 6.3.9600
27 error argv "c:\\Program Files (x86)\\nodejs\\node.exe" "c:\\Program Files (x86)\\nodejs\\node_modules\\npm\\bin\\npm-cli.js" "publish" "./"
28 error node v0.12.2
29 error npm  v2.7.4
30 error Invalid name: "gulp-searchIndexer"
31 error If you need help, you may report this error at:
31 error     <https://github.com/npm/npm/issues>
32 verbose exit [ 1, true ]
